[04:51:55] [ServerMain/INFO]: Environment: authHost='https://authserver.mojang.com', accountsHost='https://api.mojang.com', sessionHost='https://sessionserver.mojang.com', servicesHost='https://api.minecraftservices.com', name='PROD'
[04:51:57] [ServerMain/INFO]: Loaded 7 recipes
[04:51:58] [ServerMain/INFO]: Loaded 1271 advancements
[04:51:58] [Server thread/INFO]: Starting minecraft server version 1.20
[04:51:58] [Server thread/INFO]: Loading properties
[04:51:58] [Server thread/INFO]: Default game type: SURVIVAL
[04:51:58] [Server thread/INFO]: Generating keypair
[04:51:58] [Server thread/INFO]: Starting Minecraft server on *:25565
[04:51:58] [Server thread/INFO]: Using epoll channel type
[04:51:59] [Server thread/WARN]: **** SERVER IS RUNNING IN OFFLINE/INSECURE MODE!
[04:51:59] [Server thread/WARN]: The server will make no attempt to authenticate usernames. Beware.
[04:51:59] [Server thread/WARN]: While this makes the game possible to play without internet access, it also opens up the ability for hackers to connect with any username they choose.
[04:51:59] [Server thread/WARN]: To change this, set "online-mode" to "true" in the server.properties file.
[04:51:59] [Server thread/INFO]: Preparing level "world"
[04:52:05] [Server thread/INFO]: Preparing start region for dimension minecraft:overworld
[04:52:14] [Worker-Main-1/INFO]: Preparing spawn area: 0%
[04:52:14] [Worker-Main-1/INFO]: Preparing spawn area: 0%
[04:52:14] [Worker-Main-1/INFO]: Preparing spawn area: 0%
[04:52:14] [Worker-Main-1/INFO]: Preparing spawn area: 0%
[04:52:14] [Worker-Main-1/INFO]: Preparing spawn area: 0%
[04:52:14] [Worker-Main-1/INFO]: Preparing spawn area: 0%
[04:52:14] [Worker-Main-1/INFO]: Preparing spawn area: 0%
[04:52:14] [Worker-Main-1/INFO]: Preparing spawn area: 0%
[04:52:14] [Worker-Main-1/INFO]: Preparing spawn area: 0%
[04:52:14] [Worker-Main-1/INFO]: Preparing spawn area: 0%
[04:52:14] [Worker-Main-1/INFO]: Preparing spawn area: 0%
[04:52:14] [Worker-Main-1/INFO]: Preparing spawn area: 0%
[04:52:14] [Worker-Main-1/INFO]: Preparing spawn area: 0%
[04:52:14] [Worker-Main-1/INFO]: Preparing spawn area: 0%
[04:52:14] [Worker-Main-1/INFO]: Preparing spawn area: 0%
[04:52:14] [Worker-Main-1/INFO]: Preparing spawn area: 0%
[04:52:14] [Worker-Main-1/INFO]: Preparing spawn area: 0%
[04:52:14] [Worker-Main-1/INFO]: Preparing spawn area: 0%
[04:52:14] [Worker-Main-1/INFO]: Preparing spawn area: 0%
[04:52:15] [Worker-Main-1/INFO]: Preparing spawn area: 0%
[04:52:15] [Worker-Main-1/INFO]: Preparing spawn area: 0%
[04:52:16] [Worker-Main-1/INFO]: Preparing spawn area: 0%
[04:52:16] [Worker-Main-1/INFO]: Preparing spawn area: 0%
[04:52:17] [Worker-Main-1/INFO]: Preparing spawn area: 0%
[04:52:18] [Server thread/INFO]: Time elapsed: 12157 ms
[04:52:18] [Server thread/INFO]: Done (18.938s)! For help, type "help"
[04:52:24] [Server thread/INFO]: Keiow[/127.192.210.179:43603] logged in with entity id 226 at (30.5, 73.0, -63.5)
[04:52:24] [Server thread/INFO]: Keiow joined the game
[04:52:27] [Server thread/WARN]: Can't keep up! Is the server overloaded? Running 2119ms or 42 ticks behind
[04:52:30] [Server thread/INFO]: Ianbisio[/127.122.40.145:46565] logged in with entity id 277 at (22.5, 73.0, -62.5)
[04:52:30] [Server thread/INFO]: Ianbisio joined the game
[04:53:17] [Server thread/INFO]: Awisom[/127.41.183.141:58739] logged in with entity id 402 at (34.5, 73.0, -66.5)
[04:53:17] [Server thread/INFO]: Awisom joined the game
[04:58:08] [Server thread/INFO]: Awisom has made the advancement [Stone Age]
[04:58:31] [Server thread/INFO]: Awisom has made the advancement [Getting an Upgrade]
[04:58:45] [Server thread/INFO]: Ianbisio has made the advancement [Stone Age]
[04:59:50] [Server thread/INFO]: Keiow has made the advancement [Stone Age]
[05:00:21] [Server thread/INFO]: Made Keiow a server operator
[05:00:45] [Server thread/INFO]: Awisom has made the advancement [Monster Hunter]
[05:03:16] [Server thread/INFO]: Keiow has made the advancement [Monster Hunter]
[05:05:02] [Server thread/INFO]: Awisom has made the advancement [Acquire Hardware]
[05:05:18] [Server thread/INFO]: Awisom has made the advancement [Isn't It Iron Pick]
[05:05:19] [Server thread/INFO]: Keiow was blown up by Creeper
[05:05:28] [Server thread/INFO]: Ianbisio has made the advancement [Getting an Upgrade]
[05:06:06] [Server thread/INFO]: [Keiow: Set the time to 1000]
[05:06:46] [Server thread/INFO]: Awisom has made the advancement [Suit Up]
[05:08:58] [Server thread/INFO]: Keiow lost connection: Disconnected
[05:08:58] [Server thread/INFO]: Keiow left the game
[05:11:49] [Server thread/INFO]: Keiow[/127.192.210.179:39169] logged in with entity id 6015 at (75.35984000781227, 58.0, 178.08481675244482)
[05:11:49] [Server thread/INFO]: Keiow joined the game
[05:11:50] [Server thread/INFO]: Keiow lost connection: Disconnected
[05:11:50] [Server thread/INFO]: Keiow left the game
[05:14:57] [Server thread/INFO]: Keiow[/127.192.210.179:41971] logged in with entity id 6655 at (75.35984000781227, 58.0, 178.08481675244482)
[05:14:57] [Server thread/INFO]: Keiow joined the game
[05:15:07] [Server thread/INFO]: [Keiow: Teleported Keiow to Ianbisio]
[05:15:19] [Server thread/INFO]: [Keiow: Teleported Awisom to Ianbisio]
[05:15:45] [Server thread/INFO]: Keiow lost connection: Disconnected
[05:15:45] [Server thread/INFO]: Keiow left the game
[05:15:51] [Server thread/INFO]: Awisom has made the advancement [Diamonds!]
[05:15:59] [Server thread/INFO]: Unknown or incomplete command, see below for error
[05:15:59] [Server thread/INFO]: vop Ianbisio<--[HERE]
[05:16:10] [Server thread/INFO]: Made Awisom a server operator
[05:16:20] [Server thread/INFO]: Made Ianbisio a server operator
[05:16:23] [Server thread/INFO]: Keiow[/127.192.210.179:54783] logged in with entity id 7087 at (-187.69999998807907, -24.0, -239.69067185170428)
[05:16:23] [Server thread/INFO]: Keiow joined the game
[05:16:32] [Server thread/INFO]: [Keiow: Set own game mode to Creative Mode]
[05:16:37] [Server thread/INFO]: Keiow has made the advancement [Cover Me with Diamonds]
[05:16:49] [Server thread/INFO]: [Keiow: Set own game mode to Survival Mode]
[05:17:19] [Server thread/INFO]: Awisom lost connection: Disconnected
[05:17:19] [Server thread/INFO]: Awisom left the game
[05:17:19] [Server thread/WARN]: handleDisconnection() called twice
[05:17:30] [Server thread/INFO]: [Keiow: Teleported Ianbisio to -206.750000, 100.000000, -232.500000]
[05:17:30] [Server thread/INFO]: Awisom[/127.41.183.141:43863] logged in with entity id 7214 at (-194.90456445253048, -24.0, -242.699144991869)
[05:17:30] [Server thread/INFO]: Awisom joined the game
[05:17:44] [Server thread/INFO]: Keiow was slain by Zombie
[05:17:45] [Server thread/INFO]: Awisom lost connection: Disconnected
[05:17:45] [Server thread/INFO]: Awisom left the game
[05:17:49] [Server thread/INFO]: Awisom[/127.41.183.141:34811] logged in with entity id 7488 at (-194.90456445253048, -24.0, -242.699144991869)
[05:17:49] [Server thread/INFO]: Awisom joined the game
[05:18:16] [Server thread/INFO]: [Keiow: Teleported Awisom to -206.750000, 100.000000, -232.500000]
[05:18:18] [Server thread/WARN]: Awisom moved too quickly! -0.8888826506465364,-10.552241243705595,-0.3381800565842923
[05:18:32] [Server thread/INFO]: Ianbisio has made the advancement [Acquire Hardware]
[05:18:44] [Server thread/INFO]: [Keiow: Teleported Awisom to Ianbisio]
[05:19:00] [Server thread/INFO]: [Keiow: Teleported Keiow to Awisom]
[05:20:24] [Server thread/INFO]: Keiow has made the advancement [Acquire Hardware]
[05:20:48] [Server thread/INFO]: Ianbisio has made the advancement [Isn't It Iron Pick]
[05:24:00] [Server thread/INFO]: Ianbisio was slain by Zombie
[05:24:13] [Server thread/INFO]: [Awisom: Teleported Ianbisio to Awisom]
[05:32:53] [Server thread/INFO]: Ianbisio has made the advancement [Monster Hunter]
[05:34:08] [Server thread/INFO]: Keiow lost connection: Disconnected
[05:34:08] [Server thread/INFO]: Keiow left the game
[05:34:14] [Server thread/INFO]: Keiow[/127.192.210.179:53223] logged in with entity id 12036 at (-220.90047138828086, 66.0, -130.69298585454814)
[05:34:14] [Server thread/INFO]: Keiow joined the game
[05:34:21] [Server thread/INFO]: [Awisom: Teleported Ianbisio to Awisom]
[05:34:42] [Server thread/INFO]: Awisom has made the advancement [Ice Bucket Challenge]
[05:36:02] [Server thread/INFO]: Awisom has made the advancement [Hot Stuff]
[05:36:26] [Server thread/INFO]: Keiow lost connection: Disconnected
[05:36:26] [Server thread/INFO]: Keiow left the game
[05:38:19] [Server thread/INFO]: Keiow[/127.192.210.179:41175] logged in with entity id 13055 at (-220.90047138828086, 66.0, -130.69298585454814)
[05:38:19] [Server thread/INFO]: Keiow joined the game
[05:39:36] [Server thread/INFO]: Awisom has made the advancement [We Need to Go Deeper]
[05:39:38] [Server thread/WARN]: Can't keep up! Is the server overloaded? Running 5527ms or 110 ticks behind
[05:39:40] [Server thread/INFO]: Keiow lost connection: Disconnected
[05:39:40] [Server thread/INFO]: Keiow left the game
[05:40:17] [Server thread/INFO]: Ianbisio has made the advancement [Suit Up]
[05:41:13] [Server thread/INFO]: Ianbisio has made the advancement [We Need to Go Deeper]
[05:44:24] [Server thread/INFO]: Keiow[/127.192.210.179:41819] logged in with entity id 14932 at (-202.23319098430628, 65.0, -114.30000001192093)
[05:44:24] [Server thread/INFO]: Keiow joined the game
[05:44:31] [Server thread/INFO]: [Keiow: Teleported Ianbisio to Awisom]
[05:44:45] [Server thread/INFO]: [Keiow: Teleported Ianbisio to Awisom]
[05:44:51] [Server thread/INFO]: [Keiow: Teleported Ianbisio to Keiow]
[05:45:35] [Server thread/INFO]: [Awisom: Teleported Ianbisio to Awisom]
[05:45:42] [Server thread/INFO]: [Awisom: Teleported Awisom to Keiow]
[05:45:58] [Server thread/INFO]: [Awisom: Teleported Awisom to Keiow]
[05:46:06] [Server thread/INFO]: [Keiow: Teleported Ianbisio to Keiow]
[05:46:06] [Server thread/INFO]: [Awisom: Teleported Ianbisio to Keiow]
[05:46:28] [Server thread/INFO]: [Not Secure] <Keiow> ./tp Awisom
[05:54:40] [Server thread/WARN]: Mismatch in destroy block pos: gu{x=134, y=68, z=706} gu{x=132, y=68, z=705}
[05:58:10] [Server thread/INFO]: Keiow was slain by Zombie
[05:58:20] [Server thread/INFO]: [Keiow: Teleported Keiow to Ianbisio]
[05:58:22] [Server thread/INFO]: [Keiow: Teleported Keiow to Ianbisio]
[05:58:23] [Server thread/INFO]: [Keiow: Teleported Keiow to Ianbisio]
[05:58:23] [Server thread/INFO]: [Keiow: Teleported Keiow to Ianbisio]
[05:58:24] [Server thread/INFO]: [Keiow: Teleported Keiow to Ianbisio]
[05:58:25] [Server thread/INFO]: [Keiow: Teleported Keiow to Ianbisio]
[05:58:26] [Server thread/INFO]: [Keiow: Teleported Keiow to Ianbisio]
[05:58:26] [Server thread/INFO]: [Keiow: Teleported Keiow to Ianbisio]
[05:58:27] [Server thread/INFO]: [Keiow: Teleported Keiow to Ianbisio]
[05:58:28] [Server thread/INFO]: [Keiow: Teleported Keiow to Ianbisio]
[05:58:28] [Server thread/INFO]: [Keiow: Teleported Keiow to Ianbisio]
[05:58:29] [Server thread/INFO]: [Keiow: Teleported Keiow to Ianbisio]
[05:58:30] [Server thread/INFO]: [Keiow: Teleported Keiow to Ianbisio]
[05:58:30] [Server thread/INFO]: [Keiow: Teleported Keiow to Ianbisio]
[05:58:38] [Server thread/INFO]: [Keiow: Teleported Keiow to Ianbisio]
[05:58:40] [Server thread/INFO]: [Keiow: Teleported Keiow to Ianbisio]
[05:58:45] [Server thread/INFO]: [Keiow: Teleported Keiow to Ianbisio]
[05:58:47] [Server thread/INFO]: [Keiow: Teleported Keiow to Ianbisio]
[05:58:48] [Server thread/INFO]: [Keiow: Teleported Keiow to Ianbisio]
[05:58:50] [Server thread/INFO]: [Keiow: Teleported Keiow to Ianbisio]
[05:58:51] [Server thread/INFO]: [Keiow: Teleported Keiow to Ianbisio]
[05:59:30] [Server thread/INFO]: [Awisom: Teleported Ianbisio to Keiow]
[05:59:35] [Server thread/INFO]: [Awisom: Teleported Ianbisio to Keiow]
[05:59:50] [Server thread/INFO]: [Keiow: Teleported Keiow to Ianbisio]
[05:59:50] [Server thread/INFO]: [Keiow: Teleported Keiow to Ianbisio]
[05:59:51] [Server thread/INFO]: [Keiow: Teleported Keiow to Ianbisio]
[05:59:51] [Server thread/INFO]: [Awisom: Teleported Ianbisio to Awisom]
[05:59:52] [Server thread/INFO]: [Keiow: Teleported Keiow to Ianbisio]
[05:59:52] [Server thread/INFO]: [Keiow: Teleported Keiow to Ianbisio]
[06:00:29] [Server thread/INFO]: [Keiow: Teleported Keiow to Ianbisio]
[06:01:26] [Server thread/INFO]: Ianbisio drowned
[06:02:15] [Server thread/INFO]: [Awisom: Teleported Ianbisio to Awisom]
[06:04:55] [Server thread/INFO]: [Keiow: Teleported Ianbisio to Keiow]
[06:05:00] [Server thread/INFO]: [Keiow: Teleported Ianbisio to Awisom]
[06:05:07] [Server thread/INFO]: [Keiow: Teleported Ianbisio to Awisom]
[06:05:10] [Server thread/INFO]: Ianbisio lost connection: Disconnected
[06:05:10] [Server thread/INFO]: Ianbisio left the game
[06:05:41] [Server thread/INFO]: Keiow lost connection: Disconnected
[06:05:41] [Server thread/INFO]: Keiow left the game
[06:05:50] [Server thread/INFO]: Awisom lost connection: Disconnected
[06:05:50] [Server thread/INFO]: Awisom left the game
